<?xml version="1.0" encoding="UTF-8"?>
<!-- Generated by org.testng.reporters.JUnitReportReporter -->
<testsuite skipped="0" hostname="SYS-330" name="Branch.Interview_TestCases.TestCase3_ErrorPage" tests="1" failures="0" timestamp="08 Sep 2018 01:23:01 GMT" time="39.342" errors="0">
  <testcase name="ErrorPageDisplay" time="39.342" classname="Branch.Interview_TestCases.TestCase3_ErrorPage"/>
</testsuite> <!-- Branch.Interview_TestCases.TestCase3_ErrorPage -->
