<?xml version="1.0" encoding="UTF-8"?>
<!-- Generated by org.testng.reporters.JUnitReportReporter -->
<testsuite skipped="0" hostname="SYS-330" name="Branch.Interview_TestCases.TestCase2_NameChecks" tests="1" failures="0" timestamp="08 Sep 2018 13:12:00 GMT" time="59.857" errors="0">
  <testcase name="AllEmployees" time="59.857" classname="Branch.Interview_TestCases.TestCase2_NameChecks"/>
</testsuite> <!-- Branch.Interview_TestCases.TestCase2_NameChecks -->
