<?xml version="1.0" encoding="UTF-8"?>
<!-- Generated by org.testng.reporters.JUnitReportReporter -->
<testsuite skipped="0" hostname="SYS-330" name="Branch.Interview_TestCases.TestCase4_TwitterPage" tests="1" failures="0" timestamp="07 Sep 2018 19:17:28 GMT" time="10.859" errors="0">
  <testcase name="TwitterPage" time="10.859" classname="Branch.Interview_TestCases.TestCase4_TwitterPage"/>
</testsuite> <!-- Branch.Interview_TestCases.TestCase4_TwitterPage -->
